Determining if the -Wl,--no-undefined linker flag is supported failed with the following output:
Change Dir: '/Users/gjeane/work/draft_3/monero-gui/cmake/CMakeFiles/CMakeTmp'

Run Build Command(s): /Users/gjeane/Qt/Tools/Ninja/ninja -v cmTC_769e8
[1/2] /usr/bin/cc   -Wl,--no-undefined  -std=c11 -arch arm64   -Wl,--no-undefined -MD -MT CMakeFiles/cmTC_769e8.dir/CheckLinkerFlag.c.o -MF CMakeFiles/cmTC_769e8.dir/CheckLinkerFlag.c.o.d -o CMakeFiles/cmTC_769e8.dir/CheckLinkerFlag.c.o -c /Users/gjeane/work/draft_3/monero-gui/monero/cmake/CheckLinkerFlag.c
clang: warning: -Wl,--no-undefined: 'linker' input unused [-Wunused-command-line-argument]
clang: warning: -Wl,--no-undefined: 'linker' input unused [-Wunused-command-line-argument]
[2/2] : && /usr/bin/cc -Wl,--no-undefined  -arch arm64 -Wl,-search_paths_first -Wl,-headerpad_max_install_names CMakeFiles/cmTC_769e8.dir/CheckLinkerFlag.c.o -o cmTC_769e8   && :
FAILED: cmTC_769e8 
: && /usr/bin/cc -Wl,--no-undefined  -arch arm64 -Wl,-search_paths_first -Wl,-headerpad_max_install_names CMakeFiles/cmTC_769e8.dir/CheckLinkerFlag.c.o -o cmTC_769e8   && :
ld: unknown options: --no-undefined 
clang: error: linker command failed with exit code 1 (use -v to see invocation)
ninja: build stopped: subcommand failed.



Determining if the -Wl,-z,relro linker flag is supported failed with the following output:
Change Dir: '/Users/gjeane/work/draft_3/monero-gui/cmake/CMakeFiles/CMakeTmp'

Run Build Command(s): /Users/gjeane/Qt/Tools/Ninja/ninja -v cmTC_1b41e
[1/2] /usr/bin/cc   -Wl,-z,relro  -std=c11 -arch arm64   -Wl,-z,relro -MD -MT CMakeFiles/cmTC_1b41e.dir/CheckLinkerFlag.c.o -MF CMakeFiles/cmTC_1b41e.dir/CheckLinkerFlag.c.o.d -o CMakeFiles/cmTC_1b41e.dir/CheckLinkerFlag.c.o -c /Users/gjeane/work/draft_3/monero-gui/monero/cmake/CheckLinkerFlag.c
clang: warning: -Wl,-z,relro: 'linker' input unused [-Wunused-command-line-argument]
clang: warning: -Wl,-z,relro: 'linker' input unused [-Wunused-command-line-argument]
[2/2] : && /usr/bin/cc -Wl,-z,relro  -arch arm64 -Wl,-search_paths_first -Wl,-headerpad_max_install_names CMakeFiles/cmTC_1b41e.dir/CheckLinkerFlag.c.o -o cmTC_1b41e   && :
FAILED: cmTC_1b41e 
: && /usr/bin/cc -Wl,-z,relro  -arch arm64 -Wl,-search_paths_first -Wl,-headerpad_max_install_names CMakeFiles/cmTC_1b41e.dir/CheckLinkerFlag.c.o -o cmTC_1b41e   && :
ld: unknown options: -z 
clang: error: linker command failed with exit code 1 (use -v to see invocation)
ninja: build stopped: subcommand failed.



Determining if the -Wl,-z,now linker flag is supported failed with the following output:
Change Dir: '/Users/gjeane/work/draft_3/monero-gui/cmake/CMakeFiles/CMakeTmp'

Run Build Command(s): /Users/gjeane/Qt/Tools/Ninja/ninja -v cmTC_4e034
[1/2] /usr/bin/cc   -Wl,-z,now  -std=c11 -arch arm64   -Wl,-z,now -MD -MT CMakeFiles/cmTC_4e034.dir/CheckLinkerFlag.c.o -MF CMakeFiles/cmTC_4e034.dir/CheckLinkerFlag.c.o.d -o CMakeFiles/cmTC_4e034.dir/CheckLinkerFlag.c.o -c /Users/gjeane/work/draft_3/monero-gui/monero/cmake/CheckLinkerFlag.c
clang: warning: -Wl,-z,now: 'linker' input unused [-Wunused-command-line-argument]
clang: warning: -Wl,-z,now: 'linker' input unused [-Wunused-command-line-argument]
[2/2] : && /usr/bin/cc -Wl,-z,now  -arch arm64 -Wl,-search_paths_first -Wl,-headerpad_max_install_names CMakeFiles/cmTC_4e034.dir/CheckLinkerFlag.c.o -o cmTC_4e034   && :
FAILED: cmTC_4e034 
: && /usr/bin/cc -Wl,-z,now  -arch arm64 -Wl,-search_paths_first -Wl,-headerpad_max_install_names CMakeFiles/cmTC_4e034.dir/CheckLinkerFlag.c.o -o cmTC_4e034   && :
ld: unknown options: -z 
clang: error: linker command failed with exit code 1 (use -v to see invocation)
ninja: build stopped: subcommand failed.



Determining if the -Wl,-z,noexecstack linker flag is supported failed with the following output:
Change Dir: '/Users/gjeane/work/draft_3/monero-gui/cmake/CMakeFiles/CMakeTmp'

Run Build Command(s): /Users/gjeane/Qt/Tools/Ninja/ninja -v cmTC_fce5f
[1/2] /usr/bin/cc   -Wl,-z,noexecstack  -std=c11 -arch arm64   -Wl,-z,noexecstack -MD -MT CMakeFiles/cmTC_fce5f.dir/CheckLinkerFlag.c.o -MF CMakeFiles/cmTC_fce5f.dir/CheckLinkerFlag.c.o.d -o CMakeFiles/cmTC_fce5f.dir/CheckLinkerFlag.c.o -c /Users/gjeane/work/draft_3/monero-gui/monero/cmake/CheckLinkerFlag.c
clang: warning: -Wl,-z,noexecstack: 'linker' input unused [-Wunused-command-line-argument]
clang: warning: -Wl,-z,noexecstack: 'linker' input unused [-Wunused-command-line-argument]
[2/2] : && /usr/bin/cc -Wl,-z,noexecstack  -arch arm64 -Wl,-search_paths_first -Wl,-headerpad_max_install_names CMakeFiles/cmTC_fce5f.dir/CheckLinkerFlag.c.o -o cmTC_fce5f   && :
FAILED: cmTC_fce5f 
: && /usr/bin/cc -Wl,-z,noexecstack  -arch arm64 -Wl,-search_paths_first -Wl,-headerpad_max_install_names CMakeFiles/cmTC_fce5f.dir/CheckLinkerFlag.c.o -o cmTC_fce5f   && :
ld: unknown options: -z 
clang: error: linker command failed with exit code 1 (use -v to see invocation)
ninja: build stopped: subcommand failed.



Determining if the -Wl,-z,noexecheap linker flag is supported failed with the following output:
Change Dir: '/Users/gjeane/work/draft_3/monero-gui/cmake/CMakeFiles/CMakeTmp'

Run Build Command(s): /Users/gjeane/Qt/Tools/Ninja/ninja -v cmTC_dd12c
[1/2] /usr/bin/cc   -Wl,-z,noexecheap  -std=c11 -arch arm64   -Wl,-z,noexecheap -MD -MT CMakeFiles/cmTC_dd12c.dir/CheckLinkerFlag.c.o -MF CMakeFiles/cmTC_dd12c.dir/CheckLinkerFlag.c.o.d -o CMakeFiles/cmTC_dd12c.dir/CheckLinkerFlag.c.o -c /Users/gjeane/work/draft_3/monero-gui/monero/cmake/CheckLinkerFlag.c
clang: warning: -Wl,-z,noexecheap: 'linker' input unused [-Wunused-command-line-argument]
clang: warning: -Wl,-z,noexecheap: 'linker' input unused [-Wunused-command-line-argument]
[2/2] : && /usr/bin/cc -Wl,-z,noexecheap  -arch arm64 -Wl,-search_paths_first -Wl,-headerpad_max_install_names CMakeFiles/cmTC_dd12c.dir/CheckLinkerFlag.c.o -o cmTC_dd12c   && :
FAILED: cmTC_dd12c 
: && /usr/bin/cc -Wl,-z,noexecheap  -arch arm64 -Wl,-search_paths_first -Wl,-headerpad_max_install_names CMakeFiles/cmTC_dd12c.dir/CheckLinkerFlag.c.o -o cmTC_dd12c   && :
ld: unknown options: -z 
clang: error: linker command failed with exit code 1 (use -v to see invocation)
ninja: build stopped: subcommand failed.



